#
# A fatal error has been detected by the Java Runtime Environment:
#
#  Internal Error (classFileParser.cpp:3494), pid=19434, tid=139795693553408
#  Error: ShouldNotReachHere()
#
# JRE version: 6.0_26-b03
# Java VM: Java HotSpot(TM) 64-Bit Server VM (20.1-b02 mixed mode linux-amd64 compressed oops)
# If you would like to submit a bug report, please visit:
#   http://java.sun.com/webapps/bugreport/crash.jsp
#

---------------  T H R E A D  ---------------

Current thread (0x0000000041e4d800):  JavaThread "Unknown thread" [_thread_in_vm, id=19439, stack(0x00007f24b897c000,0x00007f24b8a7d000)]

Stack: [0x00007f24b897c000,0x00007f24b8a7d000],  sp=0x00007f24b8a7b130,  free space=1020k
Native frames: (J=compiled Java code, j=interpreted, Vv=VM code, C=native code)
V  [libjvm.so+0x85ebd5]  VMError::report_and_die()+0x265
V  [libjvm.so+0x3e4286]  report_should_not_reach_here(char const*, int)+0x46
V  [libjvm.so+0x36d64b]  ClassFileParser::parseClassFile(symbolHandle, Handle, Handle, KlassHandle, GrowableArray<Handle>*, symbolHandle&, bool, Thread*)+0x2b8b
V  [libjvm.so+0x373adf]  ClassLoader::load_classfile(symbolHandle, Thread*)+0x22f
V  [libjvm.so+0x7eb85f]  SystemDictionary::load_instance_class(symbolHandle, Handle, Thread*)+0xef
V  [libjvm.so+0x7e9845]  SystemDictionary::resolve_instance_class_or_null(symbolHandle, Handle, Handle, Thread*)+0x575
V  [libjvm.so+0x7e85d1]  SystemDictionary::resolve_or_null(symbolHandle, Handle, Handle, Thread*)+0x81
V  [libjvm.so+0x7e81e4]  SystemDictionary::resolve_or_fail(symbolHandle, Handle, Handle, bool, Thread*)+0x34
V  [libjvm.so+0x7ed060]  SystemDictionary::initialize_wk_klass(SystemDictionary::WKID, int, Thread*)+0x70
V  [libjvm.so+0x7ed0f5]  SystemDictionary::initialize_wk_klasses_until(SystemDictionary::WKID, SystemDictionary::WKID&, Thread*)+0x45
V  [libjvm.so+0x7ed1d5]  SystemDictionary::initialize_preloaded_classes(Thread*)+0x75
V  [libjvm.so+0x7ecf88]  SystemDictionary::initialize(Thread*)+0xd8
V  [libjvm.so+0x8349c8]  Universe::genesis(Thread*)+0x598
V  [libjvm.so+0x8368d9]  universe2_init()+0x29
V  [libjvm.so+0x4ac57c]  init_globals()+0x8c
V  [libjvm.so+0x81cc74]  Threads::create_vm(JavaVMInitArgs*, bool*)+0x214
V  [libjvm.so+0x51a7b0]  JNI_CreateJavaVM+0x80


---------------  P R O C E S S  ---------------

Java Threads: ( => current thread )

Other Threads:

=>0x0000000041e4d800 (exited) JavaThread "Unknown thread" [_thread_in_vm, id=19439, stack(0x00007f24b897c000,0x00007f24b8a7d000)]

VM state:not at safepoint (not fully initialized)

VM Mutex/Monitor currently owned by a thread: None

Dynamic libraries:
40000000-40009000 r-xp 00000000 08:06 4615276                            /usr/lib/jvm/java-6-sun-1.6.0.26/jre/bin/java
40108000-4010a000 rwxp 00008000 08:06 4615276                            /usr/lib/jvm/java-6-sun-1.6.0.26/jre/bin/java
41e45000-41ec1000 rwxp 00000000 00:00 0                                  [heap]
702a00000-703ec0000 rwxp 00000000 00:00 0 
703ec0000-707c00000 rwxp 00000000 00:00 0 
707c00000-712180000 rwxp 00000000 00:00 0 
712180000-7ad400000 rwxp 00000000 00:00 0 
7ad400000-7b26c0000 rwxp 00000000 00:00 0 
7b26c0000-800000000 rwxp 00000000 00:00 0 
7f24b3610000-7f24b3675000 r-xs 004cb000 08:06 3306125                    /home/dmiles/android-sdk-linux_x86/platforms/android-8/android.jar
7f24b3675000-7f24b369d000 rwxp 00000000 00:00 0 
7f24b369d000-7f24b369e000 ---p 00000000 00:00 0 
7f24b369e000-7f24b379e000 rwxp 00000000 00:00 0 
7f24b379e000-7f24b379f000 ---p 00000000 00:00 0 
7f24b379f000-7f24b389f000 rwxp 00000000 00:00 0 
7f24b389f000-7f24b38a0000 ---p 00000000 00:00 0 
7f24b38a0000-7f24b39a0000 rwxp 00000000 00:00 0 
7f24b39a0000-7f24b39a1000 ---p 00000000 00:00 0 
7f24b39a1000-7f24b3aa1000 rwxp 00000000 00:00 0 
7f24b3aa1000-7f24b3aa2000 ---p 00000000 00:00 0 
7f24b3aa2000-7f24b3ba2000 rwxp 00000000 00:00 0 
7f24b3ba2000-7f24b3ba3000 ---p 00000000 00:00 0 
7f24b3ba3000-7f24b3ca3000 rwxp 00000000 00:00 0 
7f24b3ca3000-7f24b3ca4000 ---p 00000000 00:00 0 
7f24b3ca4000-7f24b3da4000 rwxp 00000000 00:00 0 
7f24b3da4000-7f24b3da5000 ---p 00000000 00:00 0 
7f24b3da5000-7f24b3eb0000 rwxp 00000000 00:00 0 
7f24b3eb0000-7f24b3ece000 rwxp 00000000 00:00 0 
7f24b3ece000-7f24b3f21000 rwxp 00000000 00:00 0 
7f24b3f21000-7f24b43fa000 rwxp 00000000 00:00 0 
7f24b43fa000-7f24b4405000 rwxp 00000000 00:00 0 
7f24b4405000-7f24b4423000 rwxp 00000000 00:00 0 
7f24b4423000-7f24b4476000 rwxp 00000000 00:00 0 
7f24b4476000-7f24b494f000 rwxp 00000000 00:00 0 
7f24b494f000-7f24b4979000 rwxp 00000000 00:00 0 
7f24b4979000-7f24b4be5000 rwxp 00000000 00:00 0 
7f24b4be5000-7f24b4e56000 rwxp 00000000 00:00 0 
7f24b4e56000-7f24b7be6000 rwxp 00000000 00:00 0 
7f24b7be6000-7f24b7bf4000 r-xp 00000000 08:06 13111767                   /usr/lib/jvm/java-6-sun-1.6.0.26/jre/lib/amd64/libzip.so
7f24b7bf4000-7f24b7cf6000 ---p 0000e000 08:06 13111767                   /usr/lib/jvm/java-6-sun-1.6.0.26/jre/lib/amd64/libzip.so
7f24b7cf6000-7f24b7cf9000 rwxp 00010000 08:06 13111767                   /usr/lib/jvm/java-6-sun-1.6.0.26/jre/lib/amd64/libzip.so
7f24b7cf9000-7f24b7cfa000 rwxp 00000000 00:00 0 
7f24b7cfa000-7f24b7d06000 r-xp 00000000 08:06 12454321                   /lib/x86_64-linux-gnu/libnss_files-2.13.so
7f24b7d06000-7f24b7f05000 ---p 0000c000 08:06 12454321                   /lib/x86_64-linux-gnu/libnss_files-2.13.so
7f24b7f05000-7f24b7f06000 r-xp 0000b000 08:06 12454321                   /lib/x86_64-linux-gnu/libnss_files-2.13.so
7f24b7f06000-7f24b7f07000 rwxp 0000c000 08:06 12454321                   /lib/x86_64-linux-gnu/libnss_files-2.13.so
7f24b7f07000-7f24b7f12000 r-xp 00000000 08:06 12454323                   /lib/x86_64-linux-gnu/libnss_nis-2.13.so
7f24b7f12000-7f24b8111000 ---p 0000b000 08:06 12454323                   /lib/x86_64-linux-gnu/libnss_nis-2.13.so
7f24b8111000-7f24b8112000 r-xp 0000a000 08:06 12454323                   /lib/x86_64-linux-gnu/libnss_nis-2.13.so
7f24b8112000-7f24b8113000 rwxp 0000b000 08:06 12454323                   /lib/x86_64-linux-gnu/libnss_nis-2.13.so
7f24b8113000-7f24b811b000 r-xp 00000000 08:06 12454319                   /lib/x86_64-linux-gnu/libnss_compat-2.13.so
7f24b811b000-7f24b831a000 ---p 00008000 08:06 12454319                   /lib/x86_64-linux-gnu/libnss_compat-2.13.so
7f24b831a000-7f24b831b000 r-xp 00007000 08:06 12454319                   /lib/x86_64-linux-gnu/libnss_compat-2.13.so
7f24b831b000-7f24b831c000 rwxp 00008000 08:06 12454319                   /lib/x86_64-linux-gnu/libnss_compat-2.13.so
7f24b831c000-7f24b8333000 r-xp 00000000 08:06 12454318                   /lib/x86_64-linux-gnu/libnsl-2.13.so
7f24b8333000-7f24b8532000 ---p 00017000 08:06 12454318                   /lib/x86_64-linux-gnu/libnsl-2.13.so
7f24b8532000-7f24b8533000 r-xp 00016000 08:06 12454318                   /lib/x86_64-linux-gnu/libnsl-2.13.so
7f24b8533000-7f24b8534000 rwxp 00017000 08:06 12454318                   /lib/x86_64-linux-gnu/libnsl-2.13.so
7f24b8534000-7f24b8536000 rwxp 00000000 00:00 0 
7f24b8536000-7f24b855f000 r-xp 00000000 08:06 13111766                   /usr/lib/jvm/java-6-sun-1.6.0.26/jre/lib/amd64/libjava.so
7f24b855f000-7f24b865e000 ---p 00029000 08:06 13111766                   /usr/lib/jvm/java-6-sun-1.6.0.26/jre/lib/amd64/libjava.so
7f24b865e000-7f24b8665000 rwxp 00028000 08:06 13111766                   /usr/lib/jvm/java-6-sun-1.6.0.26/jre/lib/amd64/libjava.so
7f24b8665000-7f24b8672000 r-xp 00000000 08:06 13111748                   /usr/lib/jvm/java-6-sun-1.6.0.26/jre/lib/amd64/libverify.so
7f24b8672000-7f24b8771000 ---p 0000d000 08:06 13111748                   /usr/lib/jvm/java-6-sun-1.6.0.26/jre/lib/amd64/libverify.so
7f24b8771000-7f24b8774000 rwxp 0000c000 08:06 13111748                   /usr/lib/jvm/java-6-sun-1.6.0.26/jre/lib/amd64/libverify.so
7f24b8774000-7f24b877b000 r-xp 00000000 08:06 12454328                   /lib/x86_64-linux-gnu/librt-2.13.so
7f24b877b000-7f24b897a000 ---p 00007000 08:06 12454328                   /lib/x86_64-linux-gnu/librt-2.13.so
7f24b897a000-7f24b897b000 r-xp 00006000 08:06 12454328                   /lib/x86_64-linux-gnu/librt-2.13.so
7f24b897b000-7f24b897c000 rwxp 00007000 08:06 12454328                   /lib/x86_64-linux-gnu/librt-2.13.so
7f24b897c000-7f24b897f000 ---p 00000000 00:00 0 
7f24b897f000-7f24b8a7d000 rwxp 00000000 00:00 0 
7f24b8a7d000-7f24b8b01000 r-xp 00000000 08:06 12454316                   /lib/x86_64-linux-gnu/libm-2.13.so
7f24b8b01000-7f24b8d00000 ---p 00084000 08:06 12454316                   /lib/x86_64-linux-gnu/libm-2.13.so
7f24b8d00000-7f24b8d01000 r-xp 00083000 08:06 12454316                   /lib/x86_64-linux-gnu/libm-2.13.so
7f24b8d01000-7f24b8d02000 rwxp 00084000 08:06 12454316                   /lib/x86_64-linux-gnu/libm-2.13.so
7f24b8d02000-7f24b961c000 r-xp 00000000 08:06 13766219                   /usr/lib/jvm/java-6-sun-1.6.0.26/jre/lib/amd64/server/libjvm.so
7f24b961c000-7f24b971e000 ---p 0091a000 08:06 13766219                   /usr/lib/jvm/java-6-sun-1.6.0.26/jre/lib/amd64/server/libjvm.so
7f24b971e000-7f24b98d3000 rwxp 0091c000 08:06 13766219                   /usr/lib/jvm/java-6-sun-1.6.0.26/jre/lib/amd64/server/libjvm.so
7f24b98d3000-7f24b990d000 rwxp 00000000 00:00 0 
7f24b990d000-7f24b9a97000 r-xp 00000000 08:06 12454312                   /lib/x86_64-linux-gnu/libc-2.13.so
7f24b9a97000-7f24b9c96000 ---p 0018a000 08:06 12454312                   /lib/x86_64-linux-gnu/libc-2.13.so
7f24b9c96000-7f24b9c9a000 r-xp 00189000 08:06 12454312                   /lib/x86_64-linux-gnu/libc-2.13.so
7f24b9c9a000-7f24b9c9b000 rwxp 0018d000 08:06 12454312                   /lib/x86_64-linux-gnu/libc-2.13.so
7f24b9c9b000-7f24b9ca1000 rwxp 00000000 00:00 0 
7f24b9ca1000-7f24b9ca3000 r-xp 00000000 08:06 12454315                   /lib/x86_64-linux-gnu/libdl-2.13.so
7f24b9ca3000-7f24b9ea3000 ---p 00002000 08:06 12454315                   /lib/x86_64-linux-gnu/libdl-2.13.so
7f24b9ea3000-7f24b9ea4000 r-xp 00002000 08:06 12454315                   /lib/x86_64-linux-gnu/libdl-2.13.so
7f24b9ea4000-7f24b9ea5000 rwxp 00003000 08:06 12454315                   /lib/x86_64-linux-gnu/libdl-2.13.so
7f24b9ea5000-7f24b9ebd000 r-xp 00000000 08:06 12454326                   /lib/x86_64-linux-gnu/libpthread-2.13.so
7f24b9ebd000-7f24ba0bd000 ---p 00018000 08:06 12454326                   /lib/x86_64-linux-gnu/libpthread-2.13.so
7f24ba0bd000-7f24ba0be000 r-xp 00018000 08:06 12454326                   /lib/x86_64-linux-gnu/libpthread-2.13.so
7f24ba0be000-7f24ba0bf000 rwxp 00019000 08:06 12454326                   /lib/x86_64-linux-gnu/libpthread-2.13.so
7f24ba0bf000-7f24ba0c3000 rwxp 00000000 00:00 0 
7f24ba0c3000-7f24ba0e4000 r-xp 00000000 08:06 12454309                   /lib/x86_64-linux-gnu/ld-2.13.so
7f24ba0ea000-7f24ba0f4000 rwxp 00000000 00:00 0 
7f24ba0f4000-7f24ba1aa000 rwxp 00000000 00:00 0 
7f24ba1aa000-7f24ba1ad000 rwxp 00000000 00:00 0 
7f24ba1ad000-7f24ba1b4000 r-xp 00000000 08:06 13373765                   /usr/lib/jvm/java-6-sun-1.6.0.26/jre/lib/amd64/jli/libjli.so
7f24ba1b4000-7f24ba2b5000 ---p 00007000 08:06 13373765                   /usr/lib/jvm/java-6-sun-1.6.0.26/jre/lib/amd64/jli/libjli.so
7f24ba2b5000-7f24ba2b7000 rwxp 00008000 08:06 13373765                   /usr/lib/jvm/java-6-sun-1.6.0.26/jre/lib/amd64/jli/libjli.so
7f24ba2b7000-7f24ba2b8000 rwxp 00000000 00:00 0 
7f24ba2d7000-7f24ba2df000 rwxs 00000000 08:06 19141369                   /tmp/hsperfdata_dmiles/19434
7f24ba2df000-7f24ba2e0000 rwxp 00000000 00:00 0 
7f24ba2e0000-7f24ba2e1000 r-xp 00000000 00:00 0 
7f24ba2e1000-7f24ba2e3000 rwxp 00000000 00:00 0 
7f24ba2e3000-7f24ba2e4000 r-xp 00020000 08:06 12454309                   /lib/x86_64-linux-gnu/ld-2.13.so
7f24ba2e4000-7f24ba2e6000 rwxp 00021000 08:06 12454309                   /lib/x86_64-linux-gnu/ld-2.13.so
7fff9a51d000-7fff9a53e000 rwxp 00000000 00:00 0                          [stack]
7fff9a557000-7fff9a558000 r-xp 00000000 00:00 0                          [vdso]
ffffffffff600000-ffffffffff601000 r-xp 00000000 00:00 0                  [vsyscall]

VM Arguments:
jvm_args: -Dfile.encoding=UTF-8 -Xbootclasspath:/home/dmiles/android-sdk-linux_x86/platforms/android-8/android.jar 
java_command: com.amateurbikenerd.echoLocation.math.TwoChannelMITData
Launcher Type: SUN_STANDARD

Environment Variables:
PATH=/usr/local/sbin:/usr/local/bin:/usr/sbin:/usr/bin:/sbin:/bin:/usr/games:/home/dmiles/pycharm-1.5.1/bin:/home/dmiles/pcapps
USERNAME=dmiles
LD_LIBRARY_PATH=/usr/lib/jvm/java-6-sun-1.6.0.26/jre/lib/amd64/server:/usr/lib/jvm/java-6-sun-1.6.0.26/jre/lib/amd64:/usr/lib/jvm/java-6-sun-1.6.0.26/jre/../lib/amd64:/usr/lib64/xulrunner-addons
SHELL=/bin/bash
DISPLAY=:0.0

Signal Handlers:
SIGSEGV: [libjvm.so+0x85f800], sa_mask[0]=0x7ffbfeff, sa_flags=0x10000004
SIGBUS: [libjvm.so+0x85f800], sa_mask[0]=0x7ffbfeff, sa_flags=0x10000004
SIGFPE: [libjvm.so+0x70e300], sa_mask[0]=0x7ffbfeff, sa_flags=0x10000004
SIGPIPE: [libjvm.so+0x70e300], sa_mask[0]=0x7ffbfeff, sa_flags=0x10000004
SIGXFSZ: [libjvm.so+0x70e300], sa_mask[0]=0x7ffbfeff, sa_flags=0x10000004
SIGILL: [libjvm.so+0x70e300], sa_mask[0]=0x7ffbfeff, sa_flags=0x10000004
SIGUSR1: SIG_DFL, sa_mask[0]=0x00000000, sa_flags=0x00000000
SIGUSR2: [libjvm.so+0x711110], sa_mask[0]=0x00000004, sa_flags=0x10000004
SIGHUP: SIG_DFL, sa_mask[0]=0x00000000, sa_flags=0x00000000
SIGINT: SIG_DFL, sa_mask[0]=0x00000000, sa_flags=0x00000000
SIGTERM: SIG_DFL, sa_mask[0]=0x00000000, sa_flags=0x00000000
SIGQUIT: SIG_DFL, sa_mask[0]=0x00000000, sa_flags=0x00000000


---------------  S Y S T E M  ---------------

OS:squeeze/sid

uname:Linux 2.6.35-28-generic #50-Ubuntu SMP Fri Mar 18 18:42:20 UTC 2011 x86_64
libc:glibc 2.13 NPTL 2.13 
rlimit: STACK 8192k, CORE 0k, NPROC infinity, NOFILE 4096, AS infinity
load average:2.29 2.31 2.29

/proc/meminfo:
MemTotal:       16268852 kB
MemFree:          717788 kB
Buffers:          329476 kB
Cached:         12421820 kB
SwapCached:            0 kB
Active:          3060168 kB
Inactive:       11657168 kB
Active(anon):    1797532 kB
Inactive(anon):   205816 kB
Active(file):    1262636 kB
Inactive(file): 11451352 kB
Unevictable:          32 kB
Mlocked:              32 kB
SwapTotal:      15998972 kB
SwapFree:       15998972 kB
Dirty:              3236 kB
Writeback:            16 kB
AnonPages:       1965820 kB
Mapped:           250272 kB
Shmem:             37276 kB
Slab:             386688 kB
SReclaimable:     346100 kB
SUnreclaim:        40588 kB
KernelStack:        5120 kB
PageTables:        41096 kB
NFS_Unstable:          0 kB
Bounce:                0 kB
WritebackTmp:          0 kB
CommitLimit:    24133396 kB
Committed_AS:    5107380 kB
VmallocTotal:   34359738367 kB
VmallocUsed:      373672 kB
VmallocChunk:   34359352828 kB
HardwareCorrupted:     0 kB
HugePages_Total:       0
HugePages_Free:        0
HugePages_Rsvd:        0
HugePages_Surp:        0
Hugepagesize:       2048 kB
DirectMap4k:      247808 kB
DirectMap2M:    16463872 kB


CPU:total 8 (4 cores per cpu, 2 threads per core) family 6 model 30 stepping 5, cmov, cx8, fxsr, mmx, sse, sse2, sse3, ssse3, sse4.1, sse4.2, popcnt, ht

/proc/cpuinfo:
processor	: 0
vendor_id	: GenuineIntel
cpu family	: 6
model		: 30
model name	: Intel(R) Core(TM) i7 CPU       Q 820  @ 1.73GHz
stepping	: 5
cpu MHz		: 1599.000
cache size	: 8192 KB
physical id	: 0
siblings	: 8
core id		: 0
cpu cores	: 4
apicid		: 0
initial apicid	: 0
fpu		: yes
fpu_exception	: yes
cpuid level	: 11
wp		: yes
flags		: fpu vme de pse tsc msr pae mce cx8 apic sep mtrr pge mca cmov pat pse36 clflush dts acpi mmx fxsr sse sse2 ss ht tm pbe syscall nx rdtscp lm constant_tsc arch_perfmon pebs bts rep_good xtopology nonstop_tsc aperfmperf pni dtes64 monitor ds_cpl vmx smx est tm2 ssse3 cx16 xtpr pdcm sse4_1 sse4_2 popcnt lahf_lm ida dts tpr_shadow vnmi flexpriority ept vpid
bogomips	: 3457.96
clflush size	: 64
cache_alignment	: 64
address sizes	: 36 bits physical, 48 bits virtual
power management:

processor	: 1
vendor_id	: GenuineIntel
cpu family	: 6
model		: 30
model name	: Intel(R) Core(TM) i7 CPU       Q 820  @ 1.73GHz
stepping	: 5
cpu MHz		: 1199.000
cache size	: 8192 KB
physical id	: 0
siblings	: 8
core id		: 0
cpu cores	: 4
apicid		: 1
initial apicid	: 1
fpu		: yes
fpu_exception	: yes
cpuid level	: 11
wp		: yes
flags		: fpu vme de pse tsc msr pae mce cx8 apic sep mtrr pge mca cmov pat pse36 clflush dts acpi mmx fxsr sse sse2 ss ht tm pbe syscall nx rdtscp lm constant_tsc arch_perfmon pebs bts rep_good xtopology nonstop_tsc aperfmperf pni dtes64 monitor ds_cpl vmx smx est tm2 ssse3 cx16 xtpr pdcm sse4_1 sse4_2 popcnt lahf_lm ida dts tpr_shadow vnmi flexpriority ept vpid
bogomips	: 3457.13
clflush size	: 64
cache_alignment	: 64
address sizes	: 36 bits physical, 48 bits virtual
power management:

processor	: 2
vendor_id	: GenuineIntel
cpu family	: 6
model		: 30
model name	: Intel(R) Core(TM) i7 CPU       Q 820  @ 1.73GHz
stepping	: 5
cpu MHz		: 1199.000
cache size	: 8192 KB
physical id	: 0
siblings	: 8
core id		: 1
cpu cores	: 4
apicid		: 2
initial apicid	: 2
fpu		: yes
fpu_exception	: yes
cpuid level	: 11
wp		: yes
flags		: fpu vme de pse tsc msr pae mce cx8 apic sep mtrr pge mca cmov pat pse36 clflush dts acpi mmx fxsr sse sse2 ss ht tm pbe syscall nx rdtscp lm constant_tsc arch_perfmon pebs bts rep_good xtopology nonstop_tsc aperfmperf pni dtes64 monitor ds_cpl vmx smx est tm2 ssse3 cx16 xtpr pdcm sse4_1 sse4_2 popcnt lahf_lm ida dts tpr_shadow vnmi flexpriority ept vpid
bogomips	: 3457.71
clflush size	: 64
cache_alignment	: 64
address sizes	: 36 bits physical, 48 bits virtual
power management:

processor	: 3
vendor_id	: GenuineIntel
cpu family	: 6
model		: 30
model name	: Intel(R) Core(TM) i7 CPU       Q 820  @ 1.73GHz
stepping	: 5
cpu MHz		: 1734.000
cache size	: 8192 KB
physical id	: 0
siblings	: 8
core id		: 1
cpu cores	: 4
apicid		: 3
initial apicid	: 3
fpu		: yes
fpu_exception	: yes
cpuid level	: 11
wp		: yes
flags		: fpu vme de pse tsc msr pae mce cx8 apic sep mtrr pge mca cmov pat pse36 clflush dts acpi mmx fxsr sse sse2 ss ht tm pbe syscall nx rdtscp lm constant_tsc arch_perfmon pebs bts rep_good xtopology nonstop_tsc aperfmperf pni dtes64 monitor ds_cpl vmx smx est tm2 ssse3 cx16 xtpr pdcm sse4_1 sse4_2 popcnt lahf_lm ida dts tpr_shadow vnmi flexpriority ept vpid
bogomips	: 3423.66
clflush size	: 64
cache_alignment	: 64
address sizes	: 36 bits physical, 48 bits virtual
power management:

processor	: 4
vendor_id	: GenuineIntel
cpu family	: 6
model		: 30
model name	: Intel(R) Core(TM) i7 CPU       Q 820  @ 1.73GHz
stepping	: 5
cpu MHz		: 1199.000
cache size	: 8192 KB
physical id	: 0
siblings	: 8
core id		: 2
cpu cores	: 4
apicid		: 4
initial apicid	: 4
fpu		: yes
fpu_exception	: yes
cpuid level	: 11
wp		: yes
flags		: fpu vme de pse tsc msr pae mce cx8 apic sep mtrr pge mca cmov pat pse36 clflush dts acpi mmx fxsr sse sse2 ss ht tm pbe syscall nx rdtscp lm constant_tsc arch_perfmon pebs bts rep_good xtopology nonstop_tsc aperfmperf pni dtes64 monitor ds_cpl vmx smx est tm2 ssse3 cx16 xtpr pdcm sse4_1 sse4_2 popcnt lahf_lm ida dts tpr_shadow vnmi flexpriority ept vpid
bogomips	: 3457.98
clflush size	: 64
cache_alignment	: 64
address sizes	: 36 bits physical, 48 bits virtual
power management:

processor	: 5
vendor_id	: GenuineIntel
cpu family	: 6
model		: 30
model name	: Intel(R) Core(TM) i7 CPU       Q 820  @ 1.73GHz
stepping	: 5
cpu MHz		: 1734.000
cache size	: 8192 KB
physical id	: 0
siblings	: 8
core id		: 2
cpu cores	: 4
apicid		: 5
initial apicid	: 5
fpu		: yes
fpu_exception	: yes
cpuid level	: 11
wp		: yes
flags		: fpu vme de pse tsc msr pae mce cx8 apic sep mtrr pge mca cmov pat pse36 clflush dts acpi mmx fxsr sse sse2 ss ht tm pbe syscall nx rdtscp lm constant_tsc arch_perfmon pebs bts rep_good xtopology nonstop_tsc aperfmperf pni dtes64 monitor ds_cpl vmx smx est tm2 ssse3 cx16 xtpr pdcm sse4_1 sse4_2 popcnt lahf_lm ida dts tpr_shadow vnmi flexpriority ept vpid
bogomips	: 3312.32
clflush size	: 64
cache_alignment	: 64
address sizes	: 36 bits physical, 48 bits virtual
power management:

processor	: 6
vendor_id	: GenuineIntel
cpu family	: 6
model		: 30
model name	: Intel(R) Core(TM) i7 CPU       Q 820  @ 1.73GHz
stepping	: 5
cpu MHz		: 1199.000
cache size	: 8192 KB
physical id	: 0
siblings	: 8
core id		: 3
cpu cores	: 4
apicid		: 6
initial apicid	: 6
fpu		: yes
fpu_exception	: yes
cpuid level	: 11
wp		: yes
flags		: fpu vme de pse tsc msr pae mce cx8 apic sep mtrr pge mca cmov pat pse36 clflush dts acpi mmx fxsr sse sse2 ss ht tm pbe syscall nx rdtscp lm constant_tsc arch_perfmon pebs bts rep_good xtopology nonstop_tsc aperfmperf pni dtes64 monitor ds_cpl vmx smx est tm2 ssse3 cx16 xtpr pdcm sse4_1 sse4_2 popcnt lahf_lm ida dts tpr_shadow vnmi flexpriority ept vpid
bogomips	: 3458.28
clflush size	: 64
cache_alignment	: 64
address sizes	: 36 bits physical, 48 bits virtual
power management:

processor	: 7
vendor_id	: GenuineIntel
cpu family	: 6
model		: 30
model name	: Intel(R) Core(TM) i7 CPU       Q 820  @ 1.73GHz
stepping	: 5
cpu MHz		: 1199.000
cache size	: 8192 KB
physical id	: 0
siblings	: 8
core id		: 3
cpu cores	: 4
apicid		: 7
initial apicid	: 7
fpu		: yes
fpu_exception	: yes
cpuid level	: 11
wp		: yes
flags		: fpu vme de pse tsc msr pae mce cx8 apic sep mtrr pge mca cmov pat pse36 clflush dts acpi mmx fxsr sse sse2 ss ht tm pbe syscall nx rdtscp lm constant_tsc arch_perfmon pebs bts rep_good xtopology nonstop_tsc aperfmperf pni dtes64 monitor ds_cpl vmx smx est tm2 ssse3 cx16 xtpr pdcm sse4_1 sse4_2 popcnt lahf_lm ida dts tpr_shadow vnmi flexpriority ept vpid
bogomips	: 3458.42
clflush size	: 64
cache_alignment	: 64
address sizes	: 36 bits physical, 48 bits virtual
power management:



Memory: 4k page, physical 16268852k(717540k free), swap 15998972k(15998972k free)

vm_info: Java HotSpot(TM) 64-Bit Server VM (20.1-b02) for linux-amd64 JRE (1.6.0_26-b03), built on May  4 2011 01:13:47 by "java_re" with gcc 3.2.2 (SuSE Linux)

time: Sun Nov  6 15:48:39 2011
elapsed time: 0 seconds

