#
# A fatal error has been detected by the Java Runtime Environment:
#
#  Internal Error (classFileParser.cpp:3494), pid=17860, tid=140366652999424
#  Error: ShouldNotReachHere()
#
# JRE version: 6.0_26-b03
# Java VM: Java HotSpot(TM) 64-Bit Server VM (20.1-b02 mixed mode linux-amd64 compressed oops)
# If you would like to submit a bug report, please visit:
#   http://java.sun.com/webapps/bugreport/crash.jsp
#

---------------  T H R E A D  ---------------

Current thread (0x0000000040360800):  JavaThread "Unknown thread" [_thread_in_vm, id=17865, stack(0x00007fa9a86d8000,0x00007fa9a87d9000)]

Stack: [0x00007fa9a86d8000,0x00007fa9a87d9000],  sp=0x00007fa9a87d7130,  free space=1020k
Native frames: (J=compiled Java code, j=interpreted, Vv=VM code, C=native code)
V  [libjvm.so+0x85ebd5]  VMError::report_and_die()+0x265
V  [libjvm.so+0x3e4286]  report_should_not_reach_here(char const*, int)+0x46
V  [libjvm.so+0x36d64b]  ClassFileParser::parseClassFile(symbolHandle, Handle, Handle, KlassHandle, GrowableArray<Handle>*, symbolHandle&, bool, Thread*)+0x2b8b
V  [libjvm.so+0x373adf]  ClassLoader::load_classfile(symbolHandle, Thread*)+0x22f
V  [libjvm.so+0x7eb85f]  SystemDictionary::load_instance_class(symbolHandle, Handle, Thread*)+0xef
V  [libjvm.so+0x7e9845]  SystemDictionary::resolve_instance_class_or_null(symbolHandle, Handle, Handle, Thread*)+0x575
V  [libjvm.so+0x7e85d1]  SystemDictionary::resolve_or_null(symbolHandle, Handle, Handle, Thread*)+0x81
V  [libjvm.so+0x7e81e4]  SystemDictionary::resolve_or_fail(symbolHandle, Handle, Handle, bool, Thread*)+0x34
V  [libjvm.so+0x7ed060]  SystemDictionary::initialize_wk_klass(SystemDictionary::WKID, int, Thread*)+0x70
V  [libjvm.so+0x7ed0f5]  SystemDictionary::initialize_wk_klasses_until(SystemDictionary::WKID, SystemDictionary::WKID&, Thread*)+0x45
V  [libjvm.so+0x7ed1d5]  SystemDictionary::initialize_preloaded_classes(Thread*)+0x75
V  [libjvm.so+0x7ecf88]  SystemDictionary::initialize(Thread*)+0xd8
V  [libjvm.so+0x8349c8]  Universe::genesis(Thread*)+0x598
V  [libjvm.so+0x8368d9]  universe2_init()+0x29
V  [libjvm.so+0x4ac57c]  init_globals()+0x8c
V  [libjvm.so+0x81cc74]  Threads::create_vm(JavaVMInitArgs*, bool*)+0x214
V  [libjvm.so+0x51a7b0]  JNI_CreateJavaVM+0x80


---------------  P R O C E S S  ---------------

Java Threads: ( => current thread )

Other Threads:

=>0x0000000040360800 (exited) JavaThread "Unknown thread" [_thread_in_vm, id=17865, stack(0x00007fa9a86d8000,0x00007fa9a87d9000)]

VM state:not at safepoint (not fully initialized)

VM Mutex/Monitor currently owned by a thread: None

Dynamic libraries:
40000000-40009000 r-xp 00000000 08:06 4615276                            /usr/lib/jvm/java-6-sun-1.6.0.26/jre/bin/java
40108000-4010a000 rwxp 00008000 08:06 4615276                            /usr/lib/jvm/java-6-sun-1.6.0.26/jre/bin/java
40358000-403d4000 rwxp 00000000 00:00 0                                  [heap]
702a00000-703ec0000 rwxp 00000000 00:00 0 
703ec0000-707c00000 rwxp 00000000 00:00 0 
707c00000-712180000 rwxp 00000000 00:00 0 
712180000-7ad400000 rwxp 00000000 00:00 0 
7ad400000-7b26c0000 rwxp 00000000 00:00 0 
7b26c0000-800000000 rwxp 00000000 00:00 0 
7fa99c000000-7fa99c021000 rwxp 00000000 00:00 0 
7fa99c021000-7fa9a0000000 ---p 00000000 00:00 0 
7fa9a336c000-7fa9a33d1000 r-xs 004cb000 08:06 3306125                    /home/dmiles/android-sdk-linux_x86/platforms/android-8/android.jar
7fa9a33d1000-7fa9a33f9000 rwxp 00000000 00:00 0 
7fa9a33f9000-7fa9a33fa000 ---p 00000000 00:00 0 
7fa9a33fa000-7fa9a34fa000 rwxp 00000000 00:00 0 
7fa9a34fa000-7fa9a34fb000 ---p 00000000 00:00 0 
7fa9a34fb000-7fa9a35fb000 rwxp 00000000 00:00 0 
7fa9a35fb000-7fa9a35fc000 ---p 00000000 00:00 0 
7fa9a35fc000-7fa9a36fc000 rwxp 00000000 00:00 0 
7fa9a36fc000-7fa9a36fd000 ---p 00000000 00:00 0 
7fa9a36fd000-7fa9a37fd000 rwxp 00000000 00:00 0 
7fa9a37fd000-7fa9a37fe000 ---p 00000000 00:00 0 
7fa9a37fe000-7fa9a38fe000 rwxp 00000000 00:00 0 
7fa9a38fe000-7fa9a38ff000 ---p 00000000 00:00 0 
7fa9a38ff000-7fa9a39ff000 rwxp 00000000 00:00 0 
7fa9a39ff000-7fa9a3a00000 ---p 00000000 00:00 0 
7fa9a3a00000-7fa9a3b00000 rwxp 00000000 00:00 0 
7fa9a3b00000-7fa9a3b01000 ---p 00000000 00:00 0 
7fa9a3b01000-7fa9a3c0c000 rwxp 00000000 00:00 0 
7fa9a3c0c000-7fa9a3c2a000 rwxp 00000000 00:00 0 
7fa9a3c2a000-7fa9a3c7d000 rwxp 00000000 00:00 0 
7fa9a3c7d000-7fa9a4156000 rwxp 00000000 00:00 0 
7fa9a4156000-7fa9a4161000 rwxp 00000000 00:00 0 
7fa9a4161000-7fa9a417f000 rwxp 00000000 00:00 0 
7fa9a417f000-7fa9a41d2000 rwxp 00000000 00:00 0 
7fa9a41d2000-7fa9a46ab000 rwxp 00000000 00:00 0 
7fa9a46ab000-7fa9a46d5000 rwxp 00000000 00:00 0 
7fa9a46d5000-7fa9a4941000 rwxp 00000000 00:00 0 
7fa9a4941000-7fa9a4bb2000 rwxp 00000000 00:00 0 
7fa9a4bb2000-7fa9a7942000 rwxp 00000000 00:00 0 
7fa9a7942000-7fa9a7950000 r-xp 00000000 08:06 13111767                   /usr/lib/jvm/java-6-sun-1.6.0.26/jre/lib/amd64/libzip.so
7fa9a7950000-7fa9a7a52000 ---p 0000e000 08:06 13111767                   /usr/lib/jvm/java-6-sun-1.6.0.26/jre/lib/amd64/libzip.so
7fa9a7a52000-7fa9a7a55000 rwxp 00010000 08:06 13111767                   /usr/lib/jvm/java-6-sun-1.6.0.26/jre/lib/amd64/libzip.so
7fa9a7a55000-7fa9a7a56000 rwxp 00000000 00:00 0 
7fa9a7a56000-7fa9a7a62000 r-xp 00000000 08:06 12454321                   /lib/x86_64-linux-gnu/libnss_files-2.13.so
7fa9a7a62000-7fa9a7c61000 ---p 0000c000 08:06 12454321                   /lib/x86_64-linux-gnu/libnss_files-2.13.so
7fa9a7c61000-7fa9a7c62000 r-xp 0000b000 08:06 12454321                   /lib/x86_64-linux-gnu/libnss_files-2.13.so
7fa9a7c62000-7fa9a7c63000 rwxp 0000c000 08:06 12454321                   /lib/x86_64-linux-gnu/libnss_files-2.13.so
7fa9a7c63000-7fa9a7c6e000 r-xp 00000000 08:06 12454323                   /lib/x86_64-linux-gnu/libnss_nis-2.13.so
7fa9a7c6e000-7fa9a7e6d000 ---p 0000b000 08:06 12454323                   /lib/x86_64-linux-gnu/libnss_nis-2.13.so
7fa9a7e6d000-7fa9a7e6e000 r-xp 0000a000 08:06 12454323                   /lib/x86_64-linux-gnu/libnss_nis-2.13.so
7fa9a7e6e000-7fa9a7e6f000 rwxp 0000b000 08:06 12454323                   /lib/x86_64-linux-gnu/libnss_nis-2.13.so
7fa9a7e6f000-7fa9a7e77000 r-xp 00000000 08:06 12454319                   /lib/x86_64-linux-gnu/libnss_compat-2.13.so
7fa9a7e77000-7fa9a8076000 ---p 00008000 08:06 12454319                   /lib/x86_64-linux-gnu/libnss_compat-2.13.so
7fa9a8076000-7fa9a8077000 r-xp 00007000 08:06 12454319                   /lib/x86_64-linux-gnu/libnss_compat-2.13.so
7fa9a8077000-7fa9a8078000 rwxp 00008000 08:06 12454319                   /lib/x86_64-linux-gnu/libnss_compat-2.13.so
7fa9a8078000-7fa9a808f000 r-xp 00000000 08:06 12454318                   /lib/x86_64-linux-gnu/libnsl-2.13.so
7fa9a808f000-7fa9a828e000 ---p 00017000 08:06 12454318                   /lib/x86_64-linux-gnu/libnsl-2.13.so
7fa9a828e000-7fa9a828f000 r-xp 00016000 08:06 12454318                   /lib/x86_64-linux-gnu/libnsl-2.13.so
7fa9a828f000-7fa9a8290000 rwxp 00017000 08:06 12454318                   /lib/x86_64-linux-gnu/libnsl-2.13.so
7fa9a8290000-7fa9a8292000 rwxp 00000000 00:00 0 
7fa9a8292000-7fa9a82bb000 r-xp 00000000 08:06 13111766                   /usr/lib/jvm/java-6-sun-1.6.0.26/jre/lib/amd64/libjava.so
7fa9a82bb000-7fa9a83ba000 ---p 00029000 08:06 13111766                   /usr/lib/jvm/java-6-sun-1.6.0.26/jre/lib/amd64/libjava.so
7fa9a83ba000-7fa9a83c1000 rwxp 00028000 08:06 13111766                   /usr/lib/jvm/java-6-sun-1.6.0.26/jre/lib/amd64/libjava.so
7fa9a83c1000-7fa9a83ce000 r-xp 00000000 08:06 13111748                   /usr/lib/jvm/java-6-sun-1.6.0.26/jre/lib/amd64/libverify.so
7fa9a83ce000-7fa9a84cd000 ---p 0000d000 08:06 13111748                   /usr/lib/jvm/java-6-sun-1.6.0.26/jre/lib/amd64/libverify.so
7fa9a84cd000-7fa9a84d0000 rwxp 0000c000 08:06 13111748                   /usr/lib/jvm/java-6-sun-1.6.0.26/jre/lib/amd64/libverify.so
7fa9a84d0000-7fa9a84d7000 r-xp 00000000 08:06 12454328                   /lib/x86_64-linux-gnu/librt-2.13.so
7fa9a84d7000-7fa9a86d6000 ---p 00007000 08:06 12454328                   /lib/x86_64-linux-gnu/librt-2.13.so
7fa9a86d6000-7fa9a86d7000 r-xp 00006000 08:06 12454328                   /lib/x86_64-linux-gnu/librt-2.13.so
7fa9a86d7000-7fa9a86d8000 rwxp 00007000 08:06 12454328                   /lib/x86_64-linux-gnu/librt-2.13.so
7fa9a86d8000-7fa9a86db000 ---p 00000000 00:00 0 
7fa9a86db000-7fa9a87d9000 rwxp 00000000 00:00 0 
7fa9a87d9000-7fa9a885d000 r-xp 00000000 08:06 12454316                   /lib/x86_64-linux-gnu/libm-2.13.so
7fa9a885d000-7fa9a8a5c000 ---p 00084000 08:06 12454316                   /lib/x86_64-linux-gnu/libm-2.13.so
7fa9a8a5c000-7fa9a8a5d000 r-xp 00083000 08:06 12454316                   /lib/x86_64-linux-gnu/libm-2.13.so
7fa9a8a5d000-7fa9a8a5e000 rwxp 00084000 08:06 12454316                   /lib/x86_64-linux-gnu/libm-2.13.so
7fa9a8a5e000-7fa9a9378000 r-xp 00000000 08:06 13766219                   /usr/lib/jvm/java-6-sun-1.6.0.26/jre/lib/amd64/server/libjvm.so
7fa9a9378000-7fa9a947a000 ---p 0091a000 08:06 13766219                   /usr/lib/jvm/java-6-sun-1.6.0.26/jre/lib/amd64/server/libjvm.so
7fa9a947a000-7fa9a962f000 rwxp 0091c000 08:06 13766219                   /usr/lib/jvm/java-6-sun-1.6.0.26/jre/lib/amd64/server/libjvm.so
7fa9a962f000-7fa9a9669000 rwxp 00000000 00:00 0 
7fa9a9669000-7fa9a97f3000 r-xp 00000000 08:06 12454312                   /lib/x86_64-linux-gnu/libc-2.13.so
7fa9a97f3000-7fa9a99f2000 ---p 0018a000 08:06 12454312                   /lib/x86_64-linux-gnu/libc-2.13.so
7fa9a99f2000-7fa9a99f6000 r-xp 00189000 08:06 12454312                   /lib/x86_64-linux-gnu/libc-2.13.so
7fa9a99f6000-7fa9a99f7000 rwxp 0018d000 08:06 12454312                   /lib/x86_64-linux-gnu/libc-2.13.so
7fa9a99f7000-7fa9a99fd000 rwxp 00000000 00:00 0 
7fa9a99fd000-7fa9a99ff000 r-xp 00000000 08:06 12454315                   /lib/x86_64-linux-gnu/libdl-2.13.so
7fa9a99ff000-7fa9a9bff000 ---p 00002000 08:06 12454315                   /lib/x86_64-linux-gnu/libdl-2.13.so
7fa9a9bff000-7fa9a9c00000 r-xp 00002000 08:06 12454315                   /lib/x86_64-linux-gnu/libdl-2.13.so
7fa9a9c00000-7fa9a9c01000 rwxp 00003000 08:06 12454315                   /lib/x86_64-linux-gnu/libdl-2.13.so
7fa9a9c01000-7fa9a9c19000 r-xp 00000000 08:06 12454326                   /lib/x86_64-linux-gnu/libpthread-2.13.so
7fa9a9c19000-7fa9a9e19000 ---p 00018000 08:06 12454326                   /lib/x86_64-linux-gnu/libpthread-2.13.so
7fa9a9e19000-7fa9a9e1a000 r-xp 00018000 08:06 12454326                   /lib/x86_64-linux-gnu/libpthread-2.13.so
7fa9a9e1a000-7fa9a9e1b000 rwxp 00019000 08:06 12454326                   /lib/x86_64-linux-gnu/libpthread-2.13.so
7fa9a9e1b000-7fa9a9e1f000 rwxp 00000000 00:00 0 
7fa9a9e1f000-7fa9a9e40000 r-xp 00000000 08:06 12454309                   /lib/x86_64-linux-gnu/ld-2.13.so
7fa9a9e46000-7fa9a9e50000 rwxp 00000000 00:00 0 
7fa9a9e50000-7fa9a9f06000 rwxp 00000000 00:00 0 
7fa9a9f06000-7fa9a9f09000 rwxp 00000000 00:00 0 
7fa9a9f09000-7fa9a9f10000 r-xp 00000000 08:06 13373765                   /usr/lib/jvm/java-6-sun-1.6.0.26/jre/lib/amd64/jli/libjli.so
7fa9a9f10000-7fa9aa011000 ---p 00007000 08:06 13373765                   /usr/lib/jvm/java-6-sun-1.6.0.26/jre/lib/amd64/jli/libjli.so
7fa9aa011000-7fa9aa013000 rwxp 00008000 08:06 13373765                   /usr/lib/jvm/java-6-sun-1.6.0.26/jre/lib/amd64/jli/libjli.so
7fa9aa013000-7fa9aa014000 rwxp 00000000 00:00 0 
7fa9aa033000-7fa9aa03b000 rwxs 00000000 08:06 19141345                   /tmp/hsperfdata_dmiles/17860
7fa9aa03b000-7fa9aa03c000 rwxp 00000000 00:00 0 
7fa9aa03c000-7fa9aa03d000 r-xp 00000000 00:00 0 
7fa9aa03d000-7fa9aa03f000 rwxp 00000000 00:00 0 
7fa9aa03f000-7fa9aa040000 r-xp 00020000 08:06 12454309                   /lib/x86_64-linux-gnu/ld-2.13.so
7fa9aa040000-7fa9aa042000 rwxp 00021000 08:06 12454309                   /lib/x86_64-linux-gnu/ld-2.13.so
7fff94ac0000-7fff94ae1000 rwxp 00000000 00:00 0                          [stack]
7fff94bff000-7fff94c00000 r-xp 00000000 00:00 0                          [vdso]
ffffffffff600000-ffffffffff601000 r-xp 00000000 00:00 0                  [vsyscall]

VM Arguments:
jvm_args: -Dfile.encoding=UTF-8 -Xbootclasspath:/home/dmiles/android-sdk-linux_x86/platforms/android-8/android.jar 
java_command: com.amateurbikenerd.echoLocation.math.TwoChannelMITData
Launcher Type: SUN_STANDARD

Environment Variables:
PATH=/usr/local/sbin:/usr/local/bin:/usr/sbin:/usr/bin:/sbin:/bin:/usr/games:/home/dmiles/pycharm-1.5.1/bin:/home/dmiles/pcapps
USERNAME=dmiles
LD_LIBRARY_PATH=/usr/lib/jvm/java-6-sun-1.6.0.26/jre/lib/amd64/server:/usr/lib/jvm/java-6-sun-1.6.0.26/jre/lib/amd64:/usr/lib/jvm/java-6-sun-1.6.0.26/jre/../lib/amd64:/usr/lib64/xulrunner-addons
SHELL=/bin/bash
DISPLAY=:0.0

Signal Handlers:
SIGSEGV: [libjvm.so+0x85f800], sa_mask[0]=0x7ffbfeff, sa_flags=0x10000004
SIGBUS: [libjvm.so+0x85f800], sa_mask[0]=0x7ffbfeff, sa_flags=0x10000004
SIGFPE: [libjvm.so+0x70e300], sa_mask[0]=0x7ffbfeff, sa_flags=0x10000004
SIGPIPE: [libjvm.so+0x70e300], sa_mask[0]=0x7ffbfeff, sa_flags=0x10000004
SIGXFSZ: [libjvm.so+0x70e300], sa_mask[0]=0x7ffbfeff, sa_flags=0x10000004
SIGILL: [libjvm.so+0x70e300], sa_mask[0]=0x7ffbfeff, sa_flags=0x10000004
SIGUSR1: SIG_DFL, sa_mask[0]=0x00000000, sa_flags=0x00000000
SIGUSR2: [libjvm.so+0x711110], sa_mask[0]=0x00000004, sa_flags=0x10000004
SIGHUP: SIG_DFL, sa_mask[0]=0x00000000, sa_flags=0x00000000
SIGINT: SIG_DFL, sa_mask[0]=0x00000000, sa_flags=0x00000000
SIGTERM: SIG_DFL, sa_mask[0]=0x00000000, sa_flags=0x00000000
SIGQUIT: SIG_DFL, sa_mask[0]=0x00000000, sa_flags=0x00000000


---------------  S Y S T E M  ---------------

OS:squeeze/sid

uname:Linux 2.6.35-28-generic #50-Ubuntu SMP Fri Mar 18 18:42:20 UTC 2011 x86_64
libc:glibc 2.13 NPTL 2.13 
rlimit: STACK 8192k, CORE 0k, NPROC infinity, NOFILE 4096, AS infinity
load average:2.40 2.35 2.30

/proc/meminfo:
MemTotal:       16268852 kB
MemFree:           90316 kB
Buffers:          329564 kB
Cached:         13051096 kB
SwapCached:            0 kB
Active:          3094080 kB
Inactive:       12246984 kB
Active(anon):    1792404 kB
Inactive(anon):   205588 kB
Active(file):    1301676 kB
Inactive(file): 12041396 kB
Unevictable:          32 kB
Mlocked:              32 kB
SwapTotal:      15998972 kB
SwapFree:       15998972 kB
Dirty:               316 kB
Writeback:            32 kB
AnonPages:       1960764 kB
Mapped:           251008 kB
Shmem:             37276 kB
Slab:             392792 kB
SReclaimable:     352036 kB
SUnreclaim:        40756 kB
KernelStack:        5144 kB
PageTables:        41224 kB
NFS_Unstable:          0 kB
Bounce:                0 kB
WritebackTmp:          0 kB
CommitLimit:    24133396 kB
Committed_AS:    5168644 kB
VmallocTotal:   34359738367 kB
VmallocUsed:      373696 kB
VmallocChunk:   34359352828 kB
HardwareCorrupted:     0 kB
HugePages_Total:       0
HugePages_Free:        0
HugePages_Rsvd:        0
HugePages_Surp:        0
Hugepagesize:       2048 kB
DirectMap4k:      247808 kB
DirectMap2M:    16463872 kB


CPU:total 8 (4 cores per cpu, 2 threads per core) family 6 model 30 stepping 5, cmov, cx8, fxsr, mmx, sse, sse2, sse3, ssse3, sse4.1, sse4.2, popcnt, ht

/proc/cpuinfo:
processor	: 0
vendor_id	: GenuineIntel
cpu family	: 6
model		: 30
model name	: Intel(R) Core(TM) i7 CPU       Q 820  @ 1.73GHz
stepping	: 5
cpu MHz		: 1199.000
cache size	: 8192 KB
physical id	: 0
siblings	: 8
core id		: 0
cpu cores	: 4
apicid		: 0
initial apicid	: 0
fpu		: yes
fpu_exception	: yes
cpuid level	: 11
wp		: yes
flags		: fpu vme de pse tsc msr pae mce cx8 apic sep mtrr pge mca cmov pat pse36 clflush dts acpi mmx fxsr sse sse2 ss ht tm pbe syscall nx rdtscp lm constant_tsc arch_perfmon pebs bts rep_good xtopology nonstop_tsc aperfmperf pni dtes64 monitor ds_cpl vmx smx est tm2 ssse3 cx16 xtpr pdcm sse4_1 sse4_2 popcnt lahf_lm ida dts tpr_shadow vnmi flexpriority ept vpid
bogomips	: 3457.96
clflush size	: 64
cache_alignment	: 64
address sizes	: 36 bits physical, 48 bits virtual
power management:

processor	: 1
vendor_id	: GenuineIntel
cpu family	: 6
model		: 30
model name	: Intel(R) Core(TM) i7 CPU       Q 820  @ 1.73GHz
stepping	: 5
cpu MHz		: 1466.000
cache size	: 8192 KB
physical id	: 0
siblings	: 8
core id		: 0
cpu cores	: 4
apicid		: 1
initial apicid	: 1
fpu		: yes
fpu_exception	: yes
cpuid level	: 11
wp		: yes
flags		: fpu vme de pse tsc msr pae mce cx8 apic sep mtrr pge mca cmov pat pse36 clflush dts acpi mmx fxsr sse sse2 ss ht tm pbe syscall nx rdtscp lm constant_tsc arch_perfmon pebs bts rep_good xtopology nonstop_tsc aperfmperf pni dtes64 monitor ds_cpl vmx smx est tm2 ssse3 cx16 xtpr pdcm sse4_1 sse4_2 popcnt lahf_lm ida dts tpr_shadow vnmi flexpriority ept vpid
bogomips	: 3457.13
clflush size	: 64
cache_alignment	: 64
address sizes	: 36 bits physical, 48 bits virtual
power management:

processor	: 2
vendor_id	: GenuineIntel
cpu family	: 6
model		: 30
model name	: Intel(R) Core(TM) i7 CPU       Q 820  @ 1.73GHz
stepping	: 5
cpu MHz		: 1199.000
cache size	: 8192 KB
physical id	: 0
siblings	: 8
core id		: 1
cpu cores	: 4
apicid		: 2
initial apicid	: 2
fpu		: yes
fpu_exception	: yes
cpuid level	: 11
wp		: yes
flags		: fpu vme de pse tsc msr pae mce cx8 apic sep mtrr pge mca cmov pat pse36 clflush dts acpi mmx fxsr sse sse2 ss ht tm pbe syscall nx rdtscp lm constant_tsc arch_perfmon pebs bts rep_good xtopology nonstop_tsc aperfmperf pni dtes64 monitor ds_cpl vmx smx est tm2 ssse3 cx16 xtpr pdcm sse4_1 sse4_2 popcnt lahf_lm ida dts tpr_shadow vnmi flexpriority ept vpid
bogomips	: 3457.71
clflush size	: 64
cache_alignment	: 64
address sizes	: 36 bits physical, 48 bits virtual
power management:

processor	: 3
vendor_id	: GenuineIntel
cpu family	: 6
model		: 30
model name	: Intel(R) Core(TM) i7 CPU       Q 820  @ 1.73GHz
stepping	: 5
cpu MHz		: 1199.000
cache size	: 8192 KB
physical id	: 0
siblings	: 8
core id		: 1
cpu cores	: 4
apicid		: 3
initial apicid	: 3
fpu		: yes
fpu_exception	: yes
cpuid level	: 11
wp		: yes
flags		: fpu vme de pse tsc msr pae mce cx8 apic sep mtrr pge mca cmov pat pse36 clflush dts acpi mmx fxsr sse sse2 ss ht tm pbe syscall nx rdtscp lm constant_tsc arch_perfmon pebs bts rep_good xtopology nonstop_tsc aperfmperf pni dtes64 monitor ds_cpl vmx smx est tm2 ssse3 cx16 xtpr pdcm sse4_1 sse4_2 popcnt lahf_lm ida dts tpr_shadow vnmi flexpriority ept vpid
bogomips	: 3423.66
clflush size	: 64
cache_alignment	: 64
address sizes	: 36 bits physical, 48 bits virtual
power management:

processor	: 4
vendor_id	: GenuineIntel
cpu family	: 6
model		: 30
model name	: Intel(R) Core(TM) i7 CPU       Q 820  @ 1.73GHz
stepping	: 5
cpu MHz		: 1199.000
cache size	: 8192 KB
physical id	: 0
siblings	: 8
core id		: 2
cpu cores	: 4
apicid		: 4
initial apicid	: 4
fpu		: yes
fpu_exception	: yes
cpuid level	: 11
wp		: yes
flags		: fpu vme de pse tsc msr pae mce cx8 apic sep mtrr pge mca cmov pat pse36 clflush dts acpi mmx fxsr sse sse2 ss ht tm pbe syscall nx rdtscp lm constant_tsc arch_perfmon pebs bts rep_good xtopology nonstop_tsc aperfmperf pni dtes64 monitor ds_cpl vmx smx est tm2 ssse3 cx16 xtpr pdcm sse4_1 sse4_2 popcnt lahf_lm ida dts tpr_shadow vnmi flexpriority ept vpid
bogomips	: 3457.98
clflush size	: 64
cache_alignment	: 64
address sizes	: 36 bits physical, 48 bits virtual
power management:

processor	: 5
vendor_id	: GenuineIntel
cpu family	: 6
model		: 30
model name	: Intel(R) Core(TM) i7 CPU       Q 820  @ 1.73GHz
stepping	: 5
cpu MHz		: 1199.000
cache size	: 8192 KB
physical id	: 0
siblings	: 8
core id		: 2
cpu cores	: 4
apicid		: 5
initial apicid	: 5
fpu		: yes
fpu_exception	: yes
cpuid level	: 11
wp		: yes
flags		: fpu vme de pse tsc msr pae mce cx8 apic sep mtrr pge mca cmov pat pse36 clflush dts acpi mmx fxsr sse sse2 ss ht tm pbe syscall nx rdtscp lm constant_tsc arch_perfmon pebs bts rep_good xtopology nonstop_tsc aperfmperf pni dtes64 monitor ds_cpl vmx smx est tm2 ssse3 cx16 xtpr pdcm sse4_1 sse4_2 popcnt lahf_lm ida dts tpr_shadow vnmi flexpriority ept vpid
bogomips	: 3312.32
clflush size	: 64
cache_alignment	: 64
address sizes	: 36 bits physical, 48 bits virtual
power management:

processor	: 6
vendor_id	: GenuineIntel
cpu family	: 6
model		: 30
model name	: Intel(R) Core(TM) i7 CPU       Q 820  @ 1.73GHz
stepping	: 5
cpu MHz		: 1199.000
cache size	: 8192 KB
physical id	: 0
siblings	: 8
core id		: 3
cpu cores	: 4
apicid		: 6
initial apicid	: 6
fpu		: yes
fpu_exception	: yes
cpuid level	: 11
wp		: yes
flags		: fpu vme de pse tsc msr pae mce cx8 apic sep mtrr pge mca cmov pat pse36 clflush dts acpi mmx fxsr sse sse2 ss ht tm pbe syscall nx rdtscp lm constant_tsc arch_perfmon pebs bts rep_good xtopology nonstop_tsc aperfmperf pni dtes64 monitor ds_cpl vmx smx est tm2 ssse3 cx16 xtpr pdcm sse4_1 sse4_2 popcnt lahf_lm ida dts tpr_shadow vnmi flexpriority ept vpid
bogomips	: 3458.28
clflush size	: 64
cache_alignment	: 64
address sizes	: 36 bits physical, 48 bits virtual
power management:

processor	: 7
vendor_id	: GenuineIntel
cpu family	: 6
model		: 30
model name	: Intel(R) Core(TM) i7 CPU       Q 820  @ 1.73GHz
stepping	: 5
cpu MHz		: 1199.000
cache size	: 8192 KB
physical id	: 0
siblings	: 8
core id		: 3
cpu cores	: 4
apicid		: 7
initial apicid	: 7
fpu		: yes
fpu_exception	: yes
cpuid level	: 11
wp		: yes
flags		: fpu vme de pse tsc msr pae mce cx8 apic sep mtrr pge mca cmov pat pse36 clflush dts acpi mmx fxsr sse sse2 ss ht tm pbe syscall nx rdtscp lm constant_tsc arch_perfmon pebs bts rep_good xtopology nonstop_tsc aperfmperf pni dtes64 monitor ds_cpl vmx smx est tm2 ssse3 cx16 xtpr pdcm sse4_1 sse4_2 popcnt lahf_lm ida dts tpr_shadow vnmi flexpriority ept vpid
bogomips	: 3458.42
clflush size	: 64
cache_alignment	: 64
address sizes	: 36 bits physical, 48 bits virtual
power management:



Memory: 4k page, physical 16268852k(90316k free), swap 15998972k(15998972k free)

vm_info: Java HotSpot(TM) 64-Bit Server VM (20.1-b02) for linux-amd64 JRE (1.6.0_26-b03), built on May  4 2011 01:13:47 by "java_re" with gcc 3.2.2 (SuSE Linux)

time: Sun Nov  6 15:47:00 2011
elapsed time: 0 seconds

